<?xml version="1.0" encoding="UTF-8"?>
<!-- Generated by org.testng.reporters.JUnitReportReporter -->
<testsuite hostname="DESKTOP-AN6727N" failures="0" tests="2" name="ApiDemosFeatures.Accessibility1" time="254.723" errors="0" timestamp="2024-11-24T21:02:38 BDT" skipped="0">
  <testcase classname="ApiDemosFeatures.Accessibility1" name="testAccessibilitySectionSection" time="214.116"/>
  <system-out/>
  <testcase classname="ApiDemosFeatures.Accessibility1" name="testAccessibilitySection" time="40.607"/>
  <system-out/>
</testsuite> <!-- ApiDemosFeatures.Accessibility1 -->
