<?xml version="1.0" encoding="UTF-8"?>
<!-- Generated by org.testng.reporters.JUnitReportReporter -->
<testsuite hostname="DESKTOP-AN6727N" failures="0" tests="4" name="ApiDemosFeatures.NFC1" time="124.049" errors="0" timestamp="2024-11-25T13:19:35 BDT" skipped="0">
  <testcase classname="ApiDemosFeatures.NFC1" name="testForegroundDispatchSection" time="11.056"/>
  <system-out/>
  <testcase classname="ApiDemosFeatures.NFC1" name="testForegroundNdefPusheSection" time="10.333"/>
  <system-out/>
  <testcase classname="ApiDemosFeatures.NFC1" name="testNfcSection" time="40.645"/>
  <system-out/>
  <testcase classname="ApiDemosFeatures.NFC1" name="testTechFilterSection" time="62.015"/>
  <system-out/>
</testsuite> <!-- ApiDemosFeatures.NFC1 -->
