<?xml version="1.0" encoding="UTF-8"?>
<!-- Generated by org.testng.reporters.JUnitReportReporter -->
<testsuite hostname="DESKTOP-AN6727N" failures="0" tests="10" name="ApiDemosFeatures.Preference1" time="756.546" errors="0" timestamp="2024-11-25T13:54:41 BDT" skipped="0">
  <testcase classname="ApiDemosFeatures.Preference1" name="testPreferenceXMLSection" time="133.095"/>
  <system-out/>
  <testcase classname="ApiDemosFeatures.Preference1" name="testPreferencesFromCodeSection" time="345.416"/>
  <system-out/>
  <testcase classname="ApiDemosFeatures.Preference1" name="testAdvancedPreferencesSection" time="10.383"/>
  <system-out/>
  <testcase classname="ApiDemosFeatures.Preference1" name="testFragmentSection" time="10.176"/>
  <system-out/>
  <testcase classname="ApiDemosFeatures.Preference1" name="testLaunchingPreferencesSection" time="10.185"/>
  <system-out/>
  <testcase classname="ApiDemosFeatures.Preference1" name="testPreferenceDependenciesSection" time="10.169"/>
  <system-out/>
  <testcase classname="ApiDemosFeatures.Preference1" name="testDefaultValuesSection" time="10.275"/>
  <system-out/>
  <testcase classname="ApiDemosFeatures.Preference1" name="testHeadersSection" time="10.220"/>
  <system-out/>
  <testcase classname="ApiDemosFeatures.Preference1" name="testPreferenceSection" time="40.598"/>
  <system-out/>
  <testcase classname="ApiDemosFeatures.Preference1" name="testSwitchSection" time="176.029"/>
  <system-out/>
</testsuite> <!-- ApiDemosFeatures.Preference1 -->
