<?xml version="1.0" encoding="UTF-8"?>
<!-- Generated by org.testng.reporters.JUnitReportReporter -->
<testsuite hostname="DESKTOP-AN6727N" failures="0" tests="5" name="ApiDemosFeatures.OS1" time="210.879" errors="0" timestamp="2024-11-25T13:40:38 BDT" skipped="0">
  <testcase classname="ApiDemosFeatures.OS1" name="testRotationVectorSection" time="52.778"/>
  <system-out/>
  <testcase classname="ApiDemosFeatures.OS1" name="testMorseCodeSection" time="10.325"/>
  <system-out/>
  <testcase classname="ApiDemosFeatures.OS1" name="testOSSection" time="40.617"/>
  <system-out/>
  <testcase classname="ApiDemosFeatures.OS1" name="testSMSMessagingSection" time="107.154"/>
  <system-out/>
  <testcase classname="ApiDemosFeatures.OS1" name="testSensorstestSection" time="0.005"/>
  <system-out/>
</testsuite> <!-- ApiDemosFeatures.OS1 -->
