<?xml version="1.0" encoding="UTF-8"?>
<!-- Generated by org.testng.reporters.JUnitReportReporter -->
<testsuite hostname="DESKTOP-AN6727N" failures="0" tests="2" name="ApiDemosFeatures.Views1" time="51.603" errors="0" timestamp="2024-11-25T12:46:43 BDT" skipped="0">
  <testcase classname="ApiDemosFeatures.Views1" name="testOSSection" time="40.730"/>
  <system-out/>
  <testcase classname="ApiDemosFeatures.Views1" name="testGridSection" time="10.873"/>
  <system-out/>
</testsuite> <!-- ApiDemosFeatures.Views1 -->
