<?xml version="1.0" encoding="UTF-8"?>
<!-- Generated by org.testng.reporters.JUnitReportReporter -->
<testsuite hostname="DESKTOP-AN6727N" failures="0" tests="7" name="ApiDemosFeatures.Content1" time="814.406" errors="0" timestamp="2024-11-25T13:34:55 BDT" skipped="0">
  <testcase classname="ApiDemosFeatures.Content1" name="testContentSection" time="40.814"/>
  <system-out/>
  <testcase classname="ApiDemosFeatures.Content1" name="testProviderSection" time="125.718"/>
  <system-out/>
  <testcase classname="ApiDemosFeatures.Content1" name="testResourcesSection" time="304.387"/>
  <system-out/>
  <testcase classname="ApiDemosFeatures.Content1" name="testPackagesSection" time="131.691"/>
  <system-out/>
  <testcase classname="ApiDemosFeatures.Content1" name="testAssetsSection" time="10.979"/>
  <system-out/>
  <testcase classname="ApiDemosFeatures.Content1" name="testClipboardSection" time="10.414"/>
  <system-out/>
  <testcase classname="ApiDemosFeatures.Content1" name="testStorageSection" time="190.403"/>
  <system-out/>
</testsuite> <!-- ApiDemosFeatures.Content1 -->
